<?xml version="1.0" encoding="UTF-8"?>
<!-- Generated by org.testng.reporters.JUnitXMLReporter -->
<testsuite ignored="4" hostname="DESKTOP-KD0AJIH" failures="3" tests="3" name="Group1Tests" time="0.383" errors="0" timestamp="2025-09-22T16:09:56 IST">
  <testcase classname="org.automation.LoginRegisterTestCases" name="loginWithValidCredentials" time="0.151">
    <failure type="java.lang.NullPointerException" message="Cannot invoke &amp;quot;org.openqa.selenium.WebDriver.get(String)&amp;quot; because &amp;quot;this.driver&amp;quot; is null">
      <![CDATA[java.lang.NullPointerException: Cannot invoke "org.openqa.selenium.WebDriver.get(String)" because "this.driver" is null
at org.automation.pom.base.BasePage.loading(BasePage.java:24)
at org.automation.pom.pages.HomePage.load(HomePage.java:29)
at org.automation.pom.base.BaseTest.goToAccountPage(BaseTest.java:97)
at org.automation.LoginRegisterTestCases.loginWithValidCredentials(LoginRegisterTestCases.java:83)
at java.base/java.util.ArrayList.forEach(ArrayList.java:1596)
... Removed 25 stack frames]]>
    </failure>
  </testcase> <!-- loginWithValidCredentials -->
  <testcase classname="org.automation.LoginRegisterTestCases" name="validate_LostYourPasswordBtn" time="0.003">
    <failure type="java.lang.NullPointerException" message="Cannot invoke &amp;quot;org.openqa.selenium.WebDriver.get(String)&amp;quot; because &amp;quot;this.driver&amp;quot; is null">
      <![CDATA[java.lang.NullPointerException: Cannot invoke "org.openqa.selenium.WebDriver.get(String)" because "this.driver" is null
at org.automation.pom.base.BasePage.loading(BasePage.java:24)
at org.automation.pom.pages.HomePage.load(HomePage.java:29)
at org.automation.pom.base.BaseTest.goToAccountPage(BaseTest.java:97)
at org.automation.LoginRegisterTestCases.validate_LostYourPasswordBtn(LoginRegisterTestCases.java:72)
at java.base/java.util.ArrayList.forEach(ArrayList.java:1596)
... Removed 25 stack frames]]>
    </failure>
  </testcase> <!-- validate_LostYourPasswordBtn -->
  <testcase classname="org.automation.LoginRegisterTestCases" name="validate_WronginputEntered_In_PWDField" time="0.004">
    <failure type="java.lang.NullPointerException" message="Cannot invoke &amp;quot;org.openqa.selenium.WebDriver.get(String)&amp;quot; because &amp;quot;this.driver&amp;quot; is null">
      <![CDATA[java.lang.NullPointerException: Cannot invoke "org.openqa.selenium.WebDriver.get(String)" because "this.driver" is null
at org.automation.pom.base.BasePage.loading(BasePage.java:24)
at org.automation.pom.pages.HomePage.load(HomePage.java:29)
at org.automation.pom.base.BaseTest.goToAccountPage(BaseTest.java:97)
at org.automation.LoginRegisterTestCases.validate_WronginputEntered_In_PWDField(LoginRegisterTestCases.java:63)
at java.base/java.util.ArrayList.forEach(ArrayList.java:1596)
... Removed 25 stack frames]]>
    </failure>
  </testcase> <!-- validate_WronginputEntered_In_PWDField -->
  <testcase classname="org.automation.LoginRegisterTestCases" name="validate_AccountPage_Landing" time="0.0">
    <ignored/>
  </testcase> <!-- validate_AccountPage_Landing -->
  <testcase classname="org.automation.LoginRegisterTestCases" name="validate_With_EmptyPasswordField" time="0.0">
    <ignored/>
  </testcase> <!-- validate_With_EmptyPasswordField -->
  <testcase classname="org.automation.LoginRegisterTestCases" name="validate_WronginputEntered_In_UserNameField" time="0.0">
    <ignored/>
  </testcase> <!-- validate_WronginputEntered_In_UserNameField -->
  <testcase classname="org.automation.LoginRegisterTestCases" name="validate_Without_userName" time="0.0">
    <ignored/>
  </testcase> <!-- validate_Without_userName -->
</testsuite> <!-- Group1Tests -->
